TN:
SF:src\models\Url.ts
FNF:0
FNH:0
DA:1,1
DA:9,1
DA:25,1
LF:3
LH:3
BRF:0
BRH:0
end_of_record
TN:
SF:src\services\urlService.ts
FN:6,(anonymous_8)
FN:12,(anonymous_9)
FN:16,(anonymous_10)
FN:16,(anonymous_11)
FN:30,(anonymous_12)
FN:30,(anonymous_13)
FNF:6
FNH:6
FNDA:1,(anonymous_8)
FNDA:1,(anonymous_9)
FNDA:1,(anonymous_10)
FNDA:1,(anonymous_11)
FNDA:2,(anonymous_12)
FNDA:2,(anonymous_13)
DA:1,1
DA:2,1
DA:3,1
DA:5,1
DA:7,1
DA:8,1
DA:12,1
DA:13,1
DA:16,1
DA:17,1
DA:19,1
DA:21,1
DA:26,1
DA:27,1
DA:30,2
DA:31,2
DA:33,2
DA:34,2
DA:35,1
DA:38,1
LF:20
LH:20
BRDA:34,0,0,1
BRF:1
BRH:1
end_of_record
TN:
SF:src\services\validationService.ts
FN:2,(anonymous_0)
FN:8,(anonymous_1)
FN:20,(anonymous_2)
FNF:3
FNH:3
FNDA:3,(anonymous_0)
FNDA:3,(anonymous_1)
FNDA:2,(anonymous_2)
DA:1,1
DA:3,3
DA:4,3
DA:8,1
DA:9,3
DA:10,1
DA:13,2
DA:14,2
DA:16,1
DA:20,1
DA:21,2
DA:22,1
LF:12
LH:12
BRDA:9,0,0,1
BRDA:21,1,0,1
BRF:2
BRH:2
end_of_record
